[2026-04-29 14:26:38]
更新优化
[2026-04-29 13:48:33]
1. 更新io.cloudx的meta依赖
[2026-04-29 13:40:36]
1. io.cloudx的依赖排除掉对应广告SDK，使用自定义的广告SDK版本
[2026-04-29 13:31:20]
1. 更新build.ads.gradle
[2026-04-29 12:09:39]
1. 生成cloudx版本
[2026-04-28 14:11:45]
1. 增加sitads广告变体
[2026-04-24 12:37:28]
1. 优化google统计格式
[2026-04-24 12:19:45]
1. 增加输出google统计相关参数
[2026-04-23 16:06:23]
1. 增加bundletool 1.18.3
[2026-04-23 15:51:56]
1. 优化读取manifest的@string
[2026-04-23 15:10:22]
1. 优化日志输出
[2026-04-23 14:37:48]
1. 优化打开文件夹
[2026-04-23 14:20:52]
1. 分析日志最后输出
[2026-04-22 17:46:53]
1. 清除map对象
[2026-04-22 17:45:23]
1. 清除map对象
[2026-04-22 17:16:43]
1. 将加密文件列表，混淆信息，移除捆绑等数据输出到文件
[2026-04-21 17:46:40]
1. aab或者apk包压缩到zip文件
[2026-04-21 14:32:02]
1. 优化encrypt脚本的参数配置信息
[2026-04-21 12:40:41]
1. 更新输出信息的名字
[2026-04-21 12:08:44]
1. 增加输出广告标识
[2026-04-20 18:57:25]
1. 继续优化日志
[2026-04-20 18:02:17]
1. 抽取executeCommand函数. 2. 优化输出error消息
[2026-04-20 17:08:07]
1. 增加验证aab/apk签名是否完整
[2026-04-20 14:03:17]
1. 日志优化
[2026-04-20 13:52:05]
1. apkinfo和mapping一起保存。2. 支持显示aab文件信息
[2026-04-17 18:47:44]
1. 优化函数名字
[2026-04-17 18:33:28]
1. 优化函数名字
[2026-04-17 18:09:34]
1. 优化函数名字
[2026-04-17 18:01:09]
1. checkBundleFile放后面执行. 2. 签名之前调用removeBundleFile移除指定文件. 3. mapping文件压缩成zip
[2026-04-16 17:22:25]
1. 优化encrypt脚本2
[2026-04-16 16:39:37]
1. 优化encrypt脚本
[2026-04-15 18:44:11]
1. 优化解析apk信息时长
[2026-04-15 18:01:36]
1. 初始化版本信息增加日志
[2026-04-15 17:48:37]
1. 更新upload.sh记录所有日志
[2026-04-15 17:33:58]
1. 记录分析apk时长